<?xml version="1.0" encoding="UTF-8"?>
<testsuite name="lab02.LibraryTest" tests="1" skipped="0" failures="0" errors="0" timestamp="2019-01-30T21:54:54" hostname="DESKTOP-05B66O1" time="0.017">
  <properties/>
  <testcase name="testSomeLibraryMethod" classname="lab02.LibraryTest" time="0.017"/>
  <system-out><![CDATA[]]></system-out>
  <system-err><![CDATA[]]></system-err>
</testsuite>
